<?xml version="1.0" encoding="utf-8"?><testsuites name="pytest tests"><testsuite name="pytest" errors="0" failures="1" skipped="0" tests="27" time="56.193" timestamp="2026-04-27T22:17:33.398280+00:00" hostname="agent-env-a1bc6477-de36-4362-89d3-3dea7da8f1d4"><testcase classname="backend.tests.backend_test" name="test_health" time="1.161"><failure message="assert 502 == 200&#10; +  where 502 = &lt;Response [502]&gt;.status_code">backend/tests/backend_test.py:51: in test_health
    assert r.status_code == 200
E   assert 502 == 200
E    +  where 502 = &lt;Response [502]&gt;.status_code</failure></testcase><testcase classname="backend.tests.backend_test" name="test_login_admin_success" time="5.490" /><testcase classname="backend.tests.backend_test" name="test_login_wrong_password" time="0.830" /><testcase classname="backend.tests.backend_test" name="test_auth_me" time="0.791" /><testcase classname="backend.tests.backend_test" name="test_upload_data_url" time="0.938" /><testcase classname="backend.tests.backend_test" name="test_create_employee" time="1.707" /><testcase classname="backend.tests.backend_test" name="test_list_employees_admin" time="0.905" /><testcase classname="backend.tests.backend_test" name="test_employee_login_and_self_listing" time="1.415" /><testcase classname="backend.tests.backend_test" name="test_update_employee" time="3.758" /><testcase classname="backend.tests.backend_test" name="test_create_attendance_today" time="1.946" /><testcase classname="backend.tests.backend_test" name="test_attendance_upsert_same_day" time="2.776" /><testcase classname="backend.tests.backend_test" name="test_list_attendance_with_filters" time="0.868" /><testcase classname="backend.tests.backend_test" name="test_create_lead_visit" time="1.648" /><testcase classname="backend.tests.backend_test" name="test_create_project_visit" time="1.336" /><testcase classname="backend.tests.backend_test" name="test_list_and_get_visits" time="1.692" /><testcase classname="backend.tests.backend_test" name="test_ledger_create_and_balance" time="2.536" /><testcase classname="backend.tests.backend_test" name="test_payroll_generate_and_payslip" time="3.676" /><testcase classname="backend.tests.backend_test" name="test_create_and_filter_expense" time="2.348" /><testcase classname="backend.tests.backend_test" name="test_dashboard_admin" time="3.268" /><testcase classname="backend.tests.backend_test" name="test_dashboard_employee" time="2.100" /><testcase classname="backend.tests.backend_test" name="test_employee_cannot_create_employee" time="0.584" /><testcase classname="backend.tests.backend_test" name="test_employee_cannot_generate_payroll" time="0.561" /><testcase classname="backend.tests.backend_test" name="test_employee_cannot_delete_attendance" time="0.575" /><testcase classname="backend.tests.backend_test" name="test_employee_cannot_delete_visit" time="0.566" /><testcase classname="backend.tests.backend_test" name="test_employee_cannot_delete_ledger" time="0.589" /><testcase classname="backend.tests.backend_test" name="test_manager_capabilities" time="5.176" /><testcase classname="backend.tests.backend_test" name="test_zzz_cleanup" time="6.810" /></testsuite></testsuites>